#
# There is insufficient memory for the Java Runtime Environment to continue.
# Native memory allocation (mmap) failed to map 87031808 bytes for committing reserved memory.
# Possible reasons:
#   The system is out of physical RAM or swap space
#   In 32 bit mode, the process size limit was hit
# Possible solutions:
#   Reduce memory load on the system
#   Increase physical memory or swap space
#   Check if swap backing store is full
#   Use 64 bit Java on a 64 bit OS
#   Decrease Java heap size (-Xmx/-Xms)
#   Decrease number of Java threads
#   Decrease Java thread stack sizes (-Xss)
#   Set larger code cache with -XX:ReservedCodeCacheSize=
# This output file may be truncated or incomplete.
#
#  Out of Memory Error (os_linux.cpp:2640), pid=10031, tid=0x00007f0800c14700
#
# JRE version:  (8.0_144-b01) (build )
# Java VM: Java HotSpot(TM) 64-Bit Server VM (25.144-b01 mixed mode linux-amd64 compressed oops)
# Failed to write core dump. Core dumps have been disabled. To enable core dumping, try "ulimit -c unlimited" before starting Java again
#

---------------  T H R E A D  ---------------

Current thread (0x00007f07f8008000):  JavaThread "Unknown thread" [_thread_in_vm, id=10037, stack(0x00007f0800b14000,0x00007f0800c15000)]

Stack: [0x00007f0800b14000,0x00007f0800c15000],  sp=0x00007f0800c133c0,  free space=1020k
Native frames: (J=compiled Java code, j=interpreted, Vv=VM code, C=native code)
V  [libjvm.so+0xacb18a]  VMError::report_and_die()+0x2ba
V  [libjvm.so+0x4ff4db]  report_vm_out_of_memory(char const*, int, unsigned long, VMErrorType, char const*)+0x8b
V  [libjvm.so+0x927d23]  os::Linux::commit_memory_impl(char*, unsigned long, bool)+0x103
V  [libjvm.so+0x928279]  os::pd_commit_memory(char*, unsigned long, unsigned long, bool)+0x29
V  [libjvm.so+0x92249a]  os::commit_memory(char*, unsigned long, unsigned long, bool)+0x2a
V  [libjvm.so+0x996ff3]  PSVirtualSpace::expand_by(unsigned long)+0x53
V  [libjvm.so+0x987107]  PSOldGen::initialize(ReservedSpace, unsigned long, char const*, int)+0xb7
V  [libjvm.so+0x2dac3a]  AdjoiningGenerations::AdjoiningGenerations(ReservedSpace, GenerationSizer*, unsigned long)+0x39a
V  [libjvm.so+0x94b3a6]  ParallelScavengeHeap::initialize()+0x1d6
V  [libjvm.so+0xa93203]  Universe::initialize_heap()+0xf3
V  [libjvm.so+0xa9376e]  universe_init()+0x3e
V  [libjvm.so+0x640565]  init_globals()+0x65
V  [libjvm.so+0xa76e5e]  Threads::create_vm(JavaVMInitArgs*, bool*)+0x23e
V  [libjvm.so+0x6d4e64]  JNI_CreateJavaVM+0x74
C  [libjli.so+0x745e]  JavaMain+0x9e
C  [libpthread.so.0+0x7454]  start_thread+0xc4


---------------  P R O C E S S  ---------------

Java Threads: ( => current thread )

Other Threads:

=>0x00007f07f8008000 (exited) JavaThread "Unknown thread" [_thread_in_vm, id=10037, stack(0x00007f0800b14000,0x00007f0800c15000)]

VM state:not at safepoint (not fully initialized)

VM Mutex/Monitor currently owned by a thread: None

GC Heap History (0 events):
No events

Deoptimization events (0 events):
No events

Internal exceptions (0 events):
No events

Events (0 events):
No events


Dynamic libraries:
00400000-00401000 r-xp 00000000 103:03 1197645                           /usr/pkg/java/sun-8/bin/java
00600000-00601000 rw-p 00000000 103:03 1197645                           /usr/pkg/java/sun-8/bin/java
01af2000-01b13000 rw-p 00000000 00:00 0                                  [heap]
89d00000-d6e00000 ---p 00000000 00:00 0 
d6e00000-d9700000 rw-p 00000000 00:00 0 
d9700000-100000000 ---p 00000000 00:00 0 
7f07e9000000-7f07e9270000 rwxp 00000000 00:00 0 
7f07e9270000-7f07f8000000 ---p 00000000 00:00 0 
7f07f8000000-7f07f8035000 rw-p 00000000 00:00 0 
7f07f8035000-7f07fc000000 ---p 00000000 00:00 0 
7f07fd984000-7f07fdb1b000 rw-p 00000000 00:00 0 
7f07fdb1b000-7f07fddad000 ---p 00000000 00:00 0 
7f07fddad000-7f07fddc2000 rw-p 00000000 00:00 0 
7f07fddc2000-7f07fdef6000 ---p 00000000 00:00 0 
7f07fdef6000-7f07fdf01000 rw-p 00000000 00:00 0 
7f07fdf01000-7f07fe2b7000 ---p 00000000 00:00 0 
7f07fe2b7000-7f07fe2d1000 r-xp 00000000 103:03 1197937                   /usr/pkg/java/sun-8/jre/lib/amd64/libzip.so
7f07fe2d1000-7f07fe4d1000 ---p 0001a000 103:03 1197937                   /usr/pkg/java/sun-8/jre/lib/amd64/libzip.so
7f07fe4d1000-7f07fe4d2000 rw-p 0001a000 103:03 1197937                   /usr/pkg/java/sun-8/jre/lib/amd64/libzip.so
7f07fe4d2000-7f07fe4dc000 r-xp 00000000 103:03 1282454                   /usr/lib/libnss_files-2.24.so
7f07fe4dc000-7f07fe6dc000 ---p 0000a000 103:03 1282454                   /usr/lib/libnss_files-2.24.so
7f07fe6dc000-7f07fe6dd000 r--p 0000a000 103:03 1282454                   /usr/lib/libnss_files-2.24.so
7f07fe6dd000-7f07fe6de000 rw-p 0000b000 103:03 1282454                   /usr/lib/libnss_files-2.24.so
7f07fe6de000-7f07fe6e4000 rw-p 00000000 00:00 0 
7f07fe6e4000-7f07fe70f000 r-xp 00000000 103:03 1197892                   /usr/pkg/java/sun-8/jre/lib/amd64/libjava.so
7f07fe70f000-7f07fe90e000 ---p 0002b000 103:03 1197892                   /usr/pkg/java/sun-8/jre/lib/amd64/libjava.so
7f07fe90e000-7f07fe910000 rw-p 0002a000 103:03 1197892                   /usr/pkg/java/sun-8/jre/lib/amd64/libjava.so
7f07fe910000-7f07fe91d000 r-xp 00000000 103:03 1197940                   /usr/pkg/java/sun-8/jre/lib/amd64/libverify.so
7f07fe91d000-7f07feb1d000 ---p 0000d000 103:03 1197940                   /usr/pkg/java/sun-8/jre/lib/amd64/libverify.so
7f07feb1d000-7f07feb1f000 rw-p 0000d000 103:03 1197940                   /usr/pkg/java/sun-8/jre/lib/amd64/libverify.so
7f07feb1f000-7f07feb26000 r-xp 00000000 103:03 1282510                   /usr/lib/librt-2.24.so
7f07feb26000-7f07fed25000 ---p 00007000 103:03 1282510                   /usr/lib/librt-2.24.so
7f07fed25000-7f07fed26000 r--p 00006000 103:03 1282510                   /usr/lib/librt-2.24.so
7f07fed26000-7f07fed27000 rw-p 00007000 103:03 1282510                   /usr/lib/librt-2.24.so
7f07fed27000-7f07fee2a000 r-xp 00000000 103:03 1282434                   /usr/lib/libm-2.24.so
7f07fee2a000-7f07ff029000 ---p 00103000 103:03 1282434                   /usr/lib/libm-2.24.so
7f07ff029000-7f07ff02a000 r--p 00102000 103:03 1282434                   /usr/lib/libm-2.24.so
7f07ff02a000-7f07ff02b000 rw-p 00103000 103:03 1282434                   /usr/lib/libm-2.24.so
7f07ff02b000-7f07ffcfe000 r-xp 00000000 103:03 1197890                   /usr/pkg/java/sun-8/jre/lib/amd64/server/libjvm.so
7f07ffcfe000-7f07ffefd000 ---p 00cd3000 103:03 1197890                   /usr/pkg/java/sun-8/jre/lib/amd64/server/libjvm.so
7f07ffefd000-7f07fffd7000 rw-p 00cd2000 103:03 1197890                   /usr/pkg/java/sun-8/jre/lib/amd64/server/libjvm.so
7f07fffd7000-7f0800022000 rw-p 00000000 00:00 0 
7f0800022000-7f08001b7000 r-xp 00000000 103:03 1282334                   /usr/lib/libc-2.24.so
7f08001b7000-7f08003b6000 ---p 00195000 103:03 1282334                   /usr/lib/libc-2.24.so
7f08003b6000-7f08003ba000 r--p 00194000 103:03 1282334                   /usr/lib/libc-2.24.so
7f08003ba000-7f08003bc000 rw-p 00198000 103:03 1282334                   /usr/lib/libc-2.24.so
7f08003bc000-7f08003c0000 rw-p 00000000 00:00 0 
7f08003c0000-7f08003c2000 r-xp 00000000 103:03 1282344                   /usr/lib/libdl-2.24.so
7f08003c2000-7f08005c2000 ---p 00002000 103:03 1282344                   /usr/lib/libdl-2.24.so
7f08005c2000-7f08005c3000 r--p 00002000 103:03 1282344                   /usr/lib/libdl-2.24.so
7f08005c3000-7f08005c4000 rw-p 00003000 103:03 1282344                   /usr/lib/libdl-2.24.so
7f08005c4000-7f08005d9000 r-xp 00000000 103:03 1199163                   /usr/pkg/java/sun-8/lib/amd64/jli/libjli.so
7f08005d9000-7f08007d9000 ---p 00015000 103:03 1199163                   /usr/pkg/java/sun-8/lib/amd64/jli/libjli.so
7f08007d9000-7f08007da000 rw-p 00015000 103:03 1199163                   /usr/pkg/java/sun-8/lib/amd64/jli/libjli.so
7f08007da000-7f08007f2000 r-xp 00000000 103:03 1282499                   /usr/lib/libpthread-2.24.so
7f08007f2000-7f08009f1000 ---p 00018000 103:03 1282499                   /usr/lib/libpthread-2.24.so
7f08009f1000-7f08009f2000 r--p 00017000 103:03 1282499                   /usr/lib/libpthread-2.24.so
7f08009f2000-7f08009f3000 rw-p 00018000 103:03 1282499                   /usr/lib/libpthread-2.24.so
7f08009f3000-7f08009f7000 rw-p 00000000 00:00 0 
7f08009f7000-7f0800a1a000 r-xp 00000000 103:03 1282304                   /usr/lib/ld-2.24.so
7f0800a1a000-7f0800b0a000 rw-p 00000000 00:00 0 
7f0800b0a000-7f0800b12000 rw-s 00000000 00:24 1297032                    /tmp/hsperfdata_fraserhuon/10031
7f0800b12000-7f0800b13000 rw-p 00000000 00:00 0 
7f0800b13000-7f0800b14000 r--p 00000000 00:00 0 
7f0800b14000-7f0800b17000 ---p 00000000 00:00 0 
7f0800b17000-7f0800c19000 rw-p 00000000 00:00 0 
7f0800c19000-7f0800c1a000 r--p 00022000 103:03 1282304                   /usr/lib/ld-2.24.so
7f0800c1a000-7f0800c1b000 rw-p 00023000 103:03 1282304                   /usr/lib/ld-2.24.so
7f0800c1b000-7f0800c1c000 rw-p 00000000 00:00 0 
7ffceb1a7000-7ffceb1c8000 rw-p 00000000 00:00 0                          [stack]
7ffceb1fb000-7ffceb1fd000 r--p 00000000 00:00 0                          [vvar]
7ffceb1fd000-7ffceb1ff000 r-xp 00000000 00:00 0                          [vdso]
ffffffffff600000-ffffffffff601000 r-xp 00000000 00:00 0                  [vsyscall]

VM Arguments:
jvm_args: -Dfile.encoding=UTF-8 
java_command: main.Launcher
java_class_path (initial): /am/rialto/home1/fraserhuon/workspace/Project/bin:/am/embassy/vol/x6/eclipse/eclipse-jee-oxygen-R-x86_64/plugins/org.junit_4.12.0.v201504281640/junit.jar:/am/embassy/vol/x6/eclipse/eclipse-jee-oxygen-R-x86_64/plugins/org.hamcrest.core_1.3.0.v201303031735.jar
Launcher Type: SUN_STANDARD

Environment Variables:
JAVA_HOME=/usr/pkg/java/sun-8
CLASSPATH=.:/usr/local/lib/bluej/lib/userlib/ecs100.jar
PATH=/usr/pkg/java/sun-8/bin:/usr/pkg/qt4/bin:/usr/pkg/java/bin:/usr/pkg/java/sun-8/bin:/usr/local/bin:/usr/pkg/bin:/bin:/usr/bin:/usr/games
LD_LIBRARY_PATH=/usr/lib:/usr/pkg/lib
SHELL=/bin/tcsh
DISPLAY=:0
HOSTTYPE=x86_64-linux
OSTYPE=linux
MACHTYPE=x86_64
OS=linux

Signal Handlers:
SIGSEGV: [libjvm.so+0xacba10], sa_mask[0]=11111111011111111101111111111110, sa_flags=SA_RESTART|SA_SIGINFO
SIGBUS: [libjvm.so+0xacba10], sa_mask[0]=11111111011111111101111111111110, sa_flags=SA_RESTART|SA_SIGINFO
SIGFPE: [libjvm.so+0x924ba0], sa_mask[0]=11111111011111111101111111111110, sa_flags=SA_RESTART|SA_SIGINFO
SIGPIPE: [libjvm.so+0x924ba0], sa_mask[0]=11111111011111111101111111111110, sa_flags=SA_RESTART|SA_SIGINFO
SIGXFSZ: [libjvm.so+0x924ba0], sa_mask[0]=11111111011111111101111111111110, sa_flags=SA_RESTART|SA_SIGINFO
SIGILL: [libjvm.so+0x924ba0], sa_mask[0]=11111111011111111101111111111110, sa_flags=SA_RESTART|SA_SIGINFO
SIGUSR1: SIG_DFL, sa_mask[0]=00000000000000000000000000000000, sa_flags=none
SIGUSR2: [libjvm.so+0x9263e0], sa_mask[0]=00100000000000000000000000000000, sa_flags=SA_RESTART|SA_SIGINFO
SIGHUP: SIG_DFL, sa_mask[0]=00000000000000000000000000000000, sa_flags=none
SIGINT: SIG_DFL, sa_mask[0]=00000000000000000000000000000000, sa_flags=none
SIGTERM: SIG_DFL, sa_mask[0]=00000000000000000000000000000000, sa_flags=none
SIGQUIT: SIG_DFL, sa_mask[0]=00000000000000000000000000000000, sa_flags=none


---------------  S Y S T E M  ---------------

OS:NAME="Arch Linux"
PRETTY_NAME="Arch Linux"
ID=arch
ID_LIKE=archlinux
ANSI_COLOR="0;36"
HOME_URL="https://www.archlinux.org/"
SUPPORT_URL="https://bbs.archlinux.org/"
BUG_REPORT_URL="https://bugs.archlinux.org/"


uname:Linux 4.9.6-1-ARCH #1 SMP PREEMPT Thu Jan 26 09:22:26 CET 2017 x86_64
libc:glibc 2.24 NPTL 2.24 
rlimit: STACK 8192k, CORE 0k, NPROC 31535, NOFILE 4096, AS infinity
load average:0.48 0.42 0.40

/proc/meminfo:
MemTotal:        8082172 kB
MemFree:          130064 kB
MemAvailable:      21868 kB
Buffers:             944 kB
Cached:           105824 kB
SwapCached:        20672 kB
Active:          6836220 kB
Inactive:         879504 kB
Active(anon):    6823244 kB
Inactive(anon):   866676 kB
Active(file):      12976 kB
Inactive(file):    12828 kB
Unevictable:        4304 kB
Mlocked:            4304 kB
SwapTotal:       4194300 kB
SwapFree:              0 kB
Dirty:                20 kB
Writeback:             0 kB
AnonPages:       7593592 kB
Mapped:           111636 kB
Shmem:             77176 kB
Slab:              72956 kB
SReclaimable:      27492 kB
SUnreclaim:        45464 kB
KernelStack:        8480 kB
PageTables:        54592 kB
NFS_Unstable:          0 kB
Bounce:                0 kB
WritebackTmp:          0 kB
CommitLimit:     8235384 kB
Committed_AS:   13859152 kB
VmallocTotal:   34359738367 kB
VmallocUsed:           0 kB
VmallocChunk:          0 kB
HardwareCorrupted:     0 kB
AnonHugePages:   1927168 kB
ShmemHugePages:        0 kB
ShmemPmdMapped:        0 kB
HugePages_Total:       0
HugePages_Free:        0
HugePages_Rsvd:        0
HugePages_Surp:        0
Hugepagesize:       2048 kB
DirectMap4k:     1227648 kB
DirectMap2M:     7063552 kB
DirectMap1G:     1048576 kB


CPU:total 8 (initial active 8) (4 cores per cpu, 2 threads per core) family 6 model 94 stepping 3, cmov, cx8, fxsr, mmx, sse, sse2, sse3, ssse3, sse4.1, sse4.2, popcnt, avx, avx2, aes, clmul, erms, rtm, 3dnowpref, lzcnt, ht, tsc, tscinvbit, bmi1, bmi2, adx

/proc/cpuinfo:
processor	: 0
vendor_id	: GenuineIntel
cpu family	: 6
model		: 94
model name	: Intel(R) Core(TM) i7-6700 CPU @ 3.40GHz
stepping	: 3
microcode	: 0x9e
cpu MHz		: 1964.794
cache size	: 8192 KB
physical id	: 0
siblings	: 8
core id		: 0
cpu cores	: 4
apicid		: 0
initial apicid	: 0
fpu		: yes
fpu_exception	: yes
cpuid level	: 22
wp		: yes
flags		: fpu vme de pse tsc msr pae mce cx8 apic sep mtrr pge mca cmov pat pse36 clflush dts acpi mmx fxsr sse sse2 ss ht tm pbe syscall nx pdpe1gb rdtscp lm constant_tsc art arch_perfmon pebs bts rep_good nopl xtopology nonstop_tsc aperfmperf eagerfpu pni pclmulqdq dtes64 monitor ds_cpl vmx smx est tm2 ssse3 sdbg fma cx16 xtpr pdcm pcid sse4_1 sse4_2 x2apic movbe popcnt tsc_deadline_timer aes xsave avx f16c rdrand lahf_lm abm 3dnowprefetch epb intel_pt tpr_shadow vnmi flexpriority ept vpid fsgsbase tsc_adjust bmi1 hle avx2 smep bmi2 erms invpcid rtm mpx rdseed adx smap clflushopt xsaveopt xsavec xgetbv1 xsaves dtherm ida arat pln pts hwp hwp_notify hwp_act_window hwp_epp
bugs		:
bogomips	: 6818.00
clflush size	: 64
cache_alignment	: 64
address sizes	: 39 bits physical, 48 bits virtual
power management:

processor	: 1
vendor_id	: GenuineIntel
cpu family	: 6
model		: 94
model name	: Intel(R) Core(TM) i7-6700 CPU @ 3.40GHz
stepping	: 3
microcode	: 0x9e
cpu MHz		: 1299.902
cache size	: 8192 KB
physical id	: 0
siblings	: 8
core id		: 1
cpu cores	: 4
apicid		: 2
initial apicid	: 2
fpu		: yes
fpu_exception	: yes
cpuid level	: 22
wp		: yes
flags		: fpu vme de pse tsc msr pae mce cx8 apic sep mtrr pge mca cmov pat pse36 clflush dts acpi mmx fxsr sse sse2 ss ht tm pbe syscall nx pdpe1gb rdtscp lm constant_tsc art arch_perfmon pebs bts rep_good nopl xtopology nonstop_tsc aperfmperf eagerfpu pni pclmulqdq dtes64 monitor ds_cpl vmx smx est tm2 ssse3 sdbg fma cx16 xtpr pdcm pcid sse4_1 sse4_2 x2apic movbe popcnt tsc_deadline_timer aes xsave avx f16c rdrand lahf_lm abm 3dnowprefetch epb intel_pt tpr_shadow vnmi flexpriority ept vpid fsgsbase tsc_adjust bmi1 hle avx2 smep bmi2 erms invpcid rtm mpx rdseed adx smap clflushopt xsaveopt xsavec xgetbv1 xsaves dtherm ida arat pln pts hwp hwp_notify hwp_act_window hwp_epp
bugs		:
bogomips	: 6819.25
clflush size	: 64
cache_alignment	: 64
address sizes	: 39 bits physical, 48 bits virtual
power management:

processor	: 2
vendor_id	: GenuineIntel
cpu family	: 6
model		: 94
model name	: Intel(R) Core(TM) i7-6700 CPU @ 3.40GHz
stepping	: 3
microcode	: 0x9e
cpu MHz		: 1299.902
cache size	: 8192 KB
physical id	: 0
siblings	: 8
core id		: 2
cpu cores	: 4
apicid		: 4
initial apicid	: 4
fpu		: yes
fpu_exception	: yes
cpuid level	: 22
wp		: yes
flags		: fpu vme de pse tsc msr pae mce cx8 apic sep mtrr pge mca cmov pat pse36 clflush dts acpi mmx fxsr sse sse2 ss ht tm pbe syscall nx pdpe1gb rdtscp lm constant_tsc art arch_perfmon pebs bts rep_good nopl xtopology nonstop_tsc aperfmperf eagerfpu pni pclmulqdq dtes64 monitor ds_cpl vmx smx est tm2 ssse3 sdbg fma cx16 xtpr pdcm pcid sse4_1 sse4_2 x2apic movbe popcnt tsc_deadline_timer aes xsave avx f16c rdrand lahf_lm abm 3dnowprefetch epb intel_pt tpr_shadow vnmi flexpriority ept vpid fsgsbase tsc_adjust bmi1 hle avx2 smep bmi2 erms invpcid rtm mpx rdseed adx smap clflushopt xsaveopt xsavec xgetbv1 xsaves dtherm ida arat pln pts hwp hwp_notify hwp_act_window hwp_epp
bugs		:
bogomips	: 6820.35
clflush size	: 64
cache_alignment	: 64
address sizes	: 39 bits physical, 48 bits virtual
power management:

processor	: 3
vendor_id	: GenuineIntel
cpu family	: 6
model		: 94
model name	: Intel(R) Core(TM) i7-6700 CPU @ 3.40GHz
stepping	: 3
microcode	: 0x9e
cpu MHz		: 1299.902
cache size	: 8192 KB
physical id	: 0
siblings	: 8
core id		: 3
cpu cores	: 4
apicid		: 6
initial apicid	: 6
fpu		: yes
fpu_exception	: yes
cpuid level	: 22
wp		: yes
flags		: fpu vme de pse tsc msr pae mce cx8 apic sep mtrr pge mca cmov pat pse36 clflush dts acpi mmx fxsr sse sse2 ss ht tm pbe syscall nx pdpe1gb rdtscp lm constant_tsc art arch_perfmon pebs bts rep_good nopl xtopology nonstop_tsc aperfmperf eagerfpu pni pclmulqdq dtes64 monitor ds_cpl vmx smx est tm2 ssse3 sdbg fma cx16 xtpr pdcm pcid sse4_1 sse4_2 x2apic movbe popcnt tsc_deadline_timer aes xsave avx f16c rdrand lahf_lm abm 3dnowprefetch epb intel_pt tpr_shadow vnmi flexpriority ept vpid fsgsbase tsc_adjust bmi1 hle avx2 smep bmi2 erms invpcid rtm mpx rdseed adx smap clflushopt xsaveopt xsavec xgetbv1 xsaves dtherm ida arat pln pts hwp hwp_notify hwp_act_window hwp_epp
bugs		:
bogomips	: 6820.33
clflush size	: 64
cache_alignment	: 64
address sizes	: 39 bits physical, 48 bits virtual
power management:

processor	: 4
vendor_id	: GenuineIntel
cpu family	: 6
model		: 94
model name	: Intel(R) Core(TM) i7-6700 CPU @ 3.40GHz
stepping	: 3
microcode	: 0x9e
cpu MHz		: 1299.902
cache size	: 8192 KB
physical id	: 0
siblings	: 8
core id		: 0
cpu cores	: 4
apicid		: 1
initial apicid	: 1
fpu		: yes
fpu_exception	: yes
cpuid level	: 22
wp		: yes
flags		: fpu vme de pse tsc msr pae mce cx8 apic sep mtrr pge mca cmov pat pse36 clflush dts acpi mmx fxsr sse sse2 ss ht tm pbe syscall nx pdpe1gb rdtscp lm constant_tsc art arch_perfmon pebs bts rep_good nopl xtopology nonstop_tsc aperfmperf eagerfpu pni pclmulqdq dtes64 monitor ds_cpl vmx smx est tm2 ssse3 sdbg fma cx16 xtpr pdcm pcid sse4_1 sse4_2 x2apic movbe popcnt tsc_deadline_timer aes xsave avx f16c rdrand lahf_lm abm 3dnowprefetch epb intel_pt tpr_shadow vnmi flexpriority ept vpid fsgsbase tsc_adjust bmi1 hle avx2 smep bmi2 erms invpcid rtm mpx rdseed adx smap clflushopt xsaveopt xsavec xgetbv1 xsaves dtherm ida arat pln pts hwp hwp_notify hwp_act_window hwp_epp
bugs		:
bogomips	: 6820.87
clflush size	: 64
cache_alignment	: 64
address sizes	: 39 bits physical, 48 bits virtual
power management:

processor	: 5
vendor_id	: GenuineIntel
cpu family	: 6
model		: 94
model name	: Intel(R) Core(TM) i7-6700 CPU @ 3.40GHz
stepping	: 3
microcode	: 0x9e
cpu MHz		: 1299.902
cache size	: 8192 KB
physical id	: 0
siblings	: 8
core id		: 1
cpu cores	: 4
apicid		: 3
initial apicid	: 3
fpu		: yes
fpu_exception	: yes
cpuid level	: 22
wp		: yes
flags		: fpu vme de pse tsc msr pae mce cx8 apic sep mtrr pge mca cmov pat pse36 clflush dts acpi mmx fxsr sse sse2 ss ht tm pbe syscall nx pdpe1gb rdtscp lm constant_tsc art arch_perfmon pebs bts rep_good nopl xtopology nonstop_tsc aperfmperf eagerfpu pni pclmulqdq dtes64 monitor ds_cpl vmx smx est tm2 ssse3 sdbg fma cx16 xtpr pdcm pcid sse4_1 sse4_2 x2apic movbe popcnt tsc_deadline_timer aes xsave avx f16c rdrand lahf_lm abm 3dnowprefetch epb intel_pt tpr_shadow vnmi flexpriority ept vpid fsgsbase tsc_adjust bmi1 hle avx2 smep bmi2 erms invpcid rtm mpx rdseed adx smap clflushopt xsaveopt xsavec xgetbv1 xsaves dtherm ida arat pln pts hwp hwp_notify hwp_act_window hwp_epp
bugs		:
bogomips	: 6820.44
clflush size	: 64
cache_alignment	: 64
address sizes	: 39 bits physical, 48 bits virtual
power management:

processor	: 6
vendor_id	: GenuineIntel
cpu family	: 6
model		: 94
model name	: Intel(R) Core(TM) i7-6700 CPU @ 3.40GHz
stepping	: 3
microcode	: 0x9e
cpu MHz		: 1299.902
cache size	: 8192 KB
physical id	: 0
siblings	: 8
core id		: 2
cpu cores	: 4
apicid		: 5
initial apicid	: 5
fpu		: yes
fpu_exception	: yes
cpuid level	: 22
wp		: yes
flags		: fpu vme de pse tsc msr pae mce cx8 apic sep mtrr pge mca cmov pat pse36 clflush dts acpi mmx fxsr sse sse2 ss ht tm pbe syscall nx pdpe1gb rdtscp lm constant_tsc art arch_perfmon pebs bts rep_good nopl xtopology nonstop_tsc aperfmperf eagerfpu pni pclmulqdq dtes64 monitor ds_cpl vmx smx est tm2 ssse3 sdbg fma cx16 xtpr pdcm pcid sse4_1 sse4_2 x2apic movbe popcnt tsc_deadline_timer aes xsave avx f16c rdrand lahf_lm abm 3dnowprefetch epb intel_pt tpr_shadow vnmi flexpriority ept vpid fsgsbase tsc_adjust bmi1 hle avx2 smep bmi2 erms invpcid rtm mpx rdseed adx smap clflushopt xsaveopt xsavec xgetbv1 xsaves dtherm ida arat pln pts hwp hwp_notify hwp_act_window hwp_epp
bugs		:
bogomips	: 6820.40
clflush size	: 64
cache_alignment	: 64
address sizes	: 39 bits physical, 48 bits virtual
power management:

processor	: 7
vendor_id	: GenuineIntel
cpu family	: 6
model		: 94
model name	: Intel(R) Core(TM) i7-6700 CPU @ 3.40GHz
stepping	: 3
microcode	: 0x9e
cpu MHz		: 1300.109
cache size	: 8192 KB
physical id	: 0
siblings	: 8
core id		: 3
cpu cores	: 4
apicid		: 7
initial apicid	: 7
fpu		: yes
fpu_exception	: yes
cpuid level	: 22
wp		: yes
flags		: fpu vme de pse tsc msr pae mce cx8 apic sep mtrr pge mca cmov pat pse36 clflush dts acpi mmx fxsr sse sse2 ss ht tm pbe syscall nx pdpe1gb rdtscp lm constant_tsc art arch_perfmon pebs bts rep_good nopl xtopology nonstop_tsc aperfmperf eagerfpu pni pclmulqdq dtes64 monitor ds_cpl vmx smx est tm2 ssse3 sdbg fma cx16 xtpr pdcm pcid sse4_1 sse4_2 x2apic movbe popcnt tsc_deadline_timer aes xsave avx f16c rdrand lahf_lm abm 3dnowprefetch epb intel_pt tpr_shadow vnmi flexpriority ept vpid fsgsbase tsc_adjust bmi1 hle avx2 smep bmi2 erms invpcid rtm mpx rdseed adx smap clflushopt xsaveopt xsavec xgetbv1 xsaves dtherm ida arat pln pts hwp hwp_notify hwp_act_window hwp_epp
bugs		:
bogomips	: 6820.36
clflush size	: 64
cache_alignment	: 64
address sizes	: 39 bits physical, 48 bits virtual
power management:



Memory: 4k page, physical 8082172k(130064k free), swap 4194300k(0k free)

vm_info: Java HotSpot(TM) 64-Bit Server VM (25.144-b01) for linux-amd64 JRE (1.8.0_144-b01), built on Jul 21 2017 21:57:33 by "java_re" with gcc 4.3.0 20080428 (Red Hat 4.3.0-8)

time: Thu Oct 12 18:54:44 2017
elapsed time: 0 seconds (0d 0h 0m 0s)

